# JRE version: OpenJDK Runtime Environment (8.0_45-b14) (build 1.8.0_45-internal-b14)
# Java VM: OpenJDK Server VM (25.45-b02 mixed mode linux-x86 )
Heap:
 def new generation   total 52672K, used 24588K [0x8f400000, 0x92d20000, 0x97200000)
  eden space 46848K,  40% used [0x8f400000, 0x90653010, 0x921c0000)
  from space 5824K, 100% used [0x921c0000, 0x92770000, 0x92770000)
  to   space 5824K,   0% used [0x92770000, 0x92770000, 0x92d20000)
 tenured generation   total 116848K, used 92320K [0x97200000, 0x9e41c000, 0xa6e00000)
   the space 116848K,  79% used [0x97200000, 0x9cc28390, 0x9cc28400, 0x9e41c000)
 Metaspace       used 25689K, capacity 26711K, committed 26776K, reserved 26928K
GC Heap History (10 events):
Event: 20,441 GC heap before
{Heap before GC invocations=15 (full 4):
 def new generation   total 29120K, used 25864K [0x8f400000, 0x91390000, 0x97200000)
  eden space 25920K,  99% used [0x8f400000, 0x90d42248, 0x90d50000)
  from space 3200K,   0% used [0x90d50000, 0x90d50000, 0x91070000)
  to   space 3200K,   0% used [0x91070000, 0x91070000, 0x91390000)
 tenured generation   total 64508K, used 38703K [0x97200000, 0x9b0ff000, 0xa6e00000)
   the space 64508K,  59% used [0x97200000, 0x997cbea0, 0x997cc000, 0x9b0ff000)
 Metaspace       used 23445K, capacity 24340K, committed 24344K, reserved 24880K
Event: 20,467 GC heap after
Heap after GC invocations=16 (full 4):
 def new generation   total 29120K, used 3200K [0x8f400000, 0x91390000, 0x97200000)
  eden space 25920K,   0% used [0x8f400000, 0x8f400000, 0x90d50000)
  from space 3200K, 100% used [0x91070000, 0x91390000, 0x91390000)
  to   space 3200K,   0% used [0x90d50000, 0x90d50000, 0x91070000)
 tenured generation   total 64508K, used 46040K [0x97200000, 0x9b0ff000, 0xa6e00000)
   the space 64508K,  71% used [0x97200000, 0x99ef62b8, 0x99ef6400, 0x9b0ff000)
 Metaspace       used 23445K, capacity 24340K, committed 24344K, reserved 24880K
}
Event: 26,737 GC heap before
{Heap before GC invocations=16 (full 4):
 def new generation   total 29120K, used 29120K [0x8f400000, 0x91390000, 0x97200000)
  eden space 25920K, 100% used [0x8f400000, 0x90d50000, 0x90d50000)
  from space 3200K, 100% used [0x91070000, 0x91390000, 0x91390000)
  to   space 3200K,   0% used [0x90d50000, 0x90d50000, 0x91070000)
 tenured generation   total 64508K, used 46040K [0x97200000, 0x9b0ff000, 0xa6e00000)
   the space 64508K,  71% used [0x97200000, 0x99ef62b8, 0x99ef6400, 0x9b0ff000)
 Metaspace       used 23674K, capacity 24564K, committed 24600K, reserved 24880K
Event: 26,757 GC heap after
Heap after GC invocations=17 (full 4):
 def new generation   total 29120K, used 1271K [0x8f400000, 0x91390000, 0x97200000)
  eden space 25920K,   0% used [0x8f400000, 0x8f400000, 0x90d50000)
  from space 3200K,  39% used [0x90d50000, 0x90e8dd60, 0x91070000)
  to   space 3200K,   0% used [0x91070000, 0x91070000, 0x91390000)
 tenured generation   total 64508K, used 60489K [0x97200000, 0x9b0ff000, 0xa6e00000)
   the space 64508K,  93% used [0x97200000, 0x9ad12518, 0x9ad12600, 0x9b0ff000)
 Metaspace       used 23674K, capacity 24564K, committed 24600K, reserved 24880K
}
Event: 39,356 GC heap before
{Heap before GC invocations=17 (full 4):
 def new generation   total 29120K, used 27191K [0x8f400000, 0x91390000, 0x97200000)
  eden space 25920K, 100% used [0x8f400000, 0x90d50000, 0x90d50000)
  from space 3200K,  39% used [0x90d50000, 0x90e8dd60, 0x91070000)
  to   space 3200K,   0% used [0x91070000, 0x91070000, 0x91390000)
 tenured generation   total 64508K, used 60489K [0x97200000, 0x9b0ff000, 0xa6e00000)
   the space 64508K,  93% used [0x97200000, 0x9ad12518, 0x9ad12600, 0x9b0ff000)
 Metaspace       used 24300K, capacity 25266K, committed 25368K, reserved 25904K
Event: 39,499 GC heap after
Heap after GC invocations=18 (full 5):
 def new generation   total 52672K, used 608K [0x8f400000, 0x92d20000, 0x97200000)
  eden space 46848K,   1% used [0x8f400000, 0x8f498398, 0x921c0000)
  from space 5824K,   0% used [0x921c0000, 0x921c0000, 0x92770000)
  to   space 5824K,   0% used [0x92770000, 0x92770000, 0x92d20000)
 tenured generation   total 116848K, used 70107K [0x97200000, 0x9e41c000, 0xa6e00000)
   the space 116848K,  59% used [0x97200000, 0x9b676ff0, 0x9b677000, 0x9e41c000)
 Metaspace       used 24300K, capacity 25266K, committed 25368K, reserved 25904K
}
Event: 92,412 GC heap before
{Heap before GC invocations=18 (full 5):
 def new generation   total 52672K, used 46848K [0x8f400000, 0x92d20000, 0x97200000)
  eden space 46848K, 100% used [0x8f400000, 0x921c0000, 0x921c0000)
  from space 5824K,   0% used [0x921c0000, 0x921c0000, 0x92770000)
  to   space 5824K,   0% used [0x92770000, 0x92770000, 0x92d20000)
 tenured generation   total 116848K, used 70107K [0x97200000, 0x9e41c000, 0xa6e00000)
   the space 116848K,  59% used [0x97200000, 0x9b676ff0, 0x9b677000, 0x9e41c000)
 Metaspace       used 25329K, capacity 26309K, committed 26392K, reserved 26928K
Event: 92,457 GC heap after
Heap after GC invocations=19 (full 5):
 def new generation   total 52672K, used 5824K [0x8f400000, 0x92d20000, 0x97200000)
  eden space 46848K,   0% used [0x8f400000, 0x8f400000, 0x921c0000)
  from space 5824K, 100% used [0x92770000, 0x92d20000, 0x92d20000)
  to   space 5824K,   0% used [0x921c0000, 0x921c0000, 0x92770000)
 tenured generation   total 116848K, used 71321K [0x97200000, 0x9e41c000, 0xa6e00000)
   the space 116848K,  61% used [0x97200000, 0x9b7a64a0, 0x9b7a6600, 0x9e41c000)
 Metaspace       used 25329K, capacity 26309K, committed 26392K, reserved 26928K
}
Event: 129,915 GC heap before
{Heap before GC invocations=19 (full 5):
 def new generation   total 52672K, used 52672K [0x8f400000, 0x92d20000, 0x97200000)
  eden space 46848K, 100% used [0x8f400000, 0x921c0000, 0x921c0000)
  from space 5824K, 100% used [0x92770000, 0x92d20000, 0x92d20000)
  to   space 5824K,   0% used [0x921c0000, 0x921c0000, 0x92770000)
 tenured generation   total 116848K, used 71321K [0x97200000, 0x9e41c000, 0xa6e00000)
   the space 116848K,  61% used [0x97200000, 0x9b7a64a0, 0x9b7a6600, 0x9e41c000)
 Metaspace       used 25633K, capacity 26647K, committed 26648K, reserved 26928K
Event: 129,982 GC heap after
Heap after GC invocations=20 (full 5):
 def new generation   total 52672K, used 5824K [0x8f400000, 0x92d20000, 0x97200000)
  eden space 46848K,   0% used [0x8f400000, 0x8f400000, 0x921c0000)
  from space 5824K, 100% used [0x921c0000, 0x92770000, 0x92770000)
  to   space 5824K,   0% used [0x92770000, 0x92770000, 0x92d20000)
 tenured generation   total 116848K, used 92320K [0x97200000, 0x9e41c000, 0xa6e00000)
   the space 116848K,  79% used [0x97200000, 0x9cc28390, 0x9cc28400, 0x9e41c000)
 Metaspace       used 25633K, capacity 26647K, committed 26648K, reserved 26928K
}

