# JRE version: OpenJDK Runtime Environment (8.0_45-b14) (build 1.8.0_45-internal-b14)
# Java VM: OpenJDK Server VM (25.45-b02 mixed mode linux-x86 )
Heap:
 def new generation   total 55744K, used 38652K [0x8f400000, 0x93070000, 0x97200000)
  eden space 49600K,  65% used [0x8f400000, 0x913bf2f8, 0x92470000)
  from space 6144K, 100% used [0x92470000, 0x92a70000, 0x92a70000)
  to   space 6144K,   0% used [0x92a70000, 0x92a70000, 0x93070000)
 tenured generation   total 123652K, used 98140K [0x97200000, 0x9eac1000, 0xa6e00000)
   the space 123652K,  79% used [0x97200000, 0x9d1d7378, 0x9d1d7400, 0x9eac1000)
 Metaspace       used 25566K, capacity 26573K, committed 26648K, reserved 26928K
GC Heap History (10 events):
Event: 38,460 GC heap before
{Heap before GC invocations=16 (full 4):
 def new generation   total 28736K, used 27792K [0x8f400000, 0x91320000, 0x97200000)
  eden space 25600K,  96% used [0x8f400000, 0x90c143b0, 0x90d00000)
  from space 3136K, 100% used [0x91010000, 0x91320000, 0x91320000)
  to   space 3136K,   0% used [0x90d00000, 0x90d00000, 0x91010000)
 tenured generation   total 63636K, used 40933K [0x97200000, 0x9b025000, 0xa6e00000)
   the space 63636K,  64% used [0x97200000, 0x999f9600, 0x999f9600, 0x9b025000)
 Metaspace       used 24055K, capacity 24996K, committed 25112K, reserved 25904K
Event: 38,483 GC heap after
Heap after GC invocations=17 (full 4):
 def new generation   total 28736K, used 3136K [0x8f400000, 0x91320000, 0x97200000)
  eden space 25600K,   0% used [0x8f400000, 0x8f400000, 0x90d00000)
  from space 3136K, 100% used [0x90d00000, 0x91010000, 0x91010000)
  to   space 3136K,   0% used [0x91010000, 0x91010000, 0x91320000)
 tenured generation   total 63636K, used 48508K [0x97200000, 0x9b025000, 0xa6e00000)
   the space 63636K,  76% used [0x97200000, 0x9a15f0c0, 0x9a15f200, 0x9b025000)
 Metaspace       used 24055K, capacity 24996K, committed 25112K, reserved 25904K
}
Event: 41,932 GC heap before
{Heap before GC invocations=17 (full 4):
 def new generation   total 28736K, used 28645K [0x8f400000, 0x91320000, 0x97200000)
  eden space 25600K,  99% used [0x8f400000, 0x90ce9428, 0x90d00000)
  from space 3136K, 100% used [0x90d00000, 0x91010000, 0x91010000)
  to   space 3136K,   0% used [0x91010000, 0x91010000, 0x91320000)
 tenured generation   total 63636K, used 48508K [0x97200000, 0x9b025000, 0xa6e00000)
   the space 63636K,  76% used [0x97200000, 0x9a15f0c0, 0x9a15f200, 0x9b025000)
 Metaspace       used 24199K, capacity 25126K, committed 25240K, reserved 25904K
Event: 41,955 GC heap after
Heap after GC invocations=18 (full 4):
 def new generation   total 28736K, used 2001K [0x8f400000, 0x91320000, 0x97200000)
  eden space 25600K,   0% used [0x8f400000, 0x8f400000, 0x90d00000)
  from space 3136K,  63% used [0x91010000, 0x912047a8, 0x91320000)
  to   space 3136K,   0% used [0x90d00000, 0x90d00000, 0x91010000)
 tenured generation   total 63636K, used 62477K [0x97200000, 0x9b025000, 0xa6e00000)
   the space 63636K,  98% used [0x97200000, 0x9af03590, 0x9af03600, 0x9b025000)
 Metaspace       used 24199K, capacity 25126K, committed 25240K, reserved 25904K
}
Event: 46,262 GC heap before
{Heap before GC invocations=18 (full 4):
 def new generation   total 28736K, used 27046K [0x8f400000, 0x91320000, 0x97200000)
  eden space 25600K,  97% used [0x8f400000, 0x90c75418, 0x90d00000)
  from space 3136K,  63% used [0x91010000, 0x912047a8, 0x91320000)
  to   space 3136K,   0% used [0x90d00000, 0x90d00000, 0x91010000)
 tenured generation   total 63636K, used 62477K [0x97200000, 0x9b025000, 0xa6e00000)
   the space 63636K,  98% used [0x97200000, 0x9af03590, 0x9af03600, 0x9b025000)
 Metaspace       used 24454K, capacity 25415K, committed 25496K, reserved 25904K
Event: 46,384 GC heap after
Heap after GC invocations=19 (full 5):
 def new generation   total 55744K, used 0K [0x8f400000, 0x93070000, 0x97200000)
  eden space 49600K,   0% used [0x8f400000, 0x8f400000, 0x92470000)
  from space 6144K,   0% used [0x92470000, 0x92470000, 0x92a70000)
  to   space 6144K,   0% used [0x92a70000, 0x92a70000, 0x93070000)
 tenured generation   total 123652K, used 74189K [0x97200000, 0x9eac1000, 0xa6e00000)
   the space 123652K,  59% used [0x97200000, 0x9ba73570, 0x9ba73600, 0x9eac1000)
 Metaspace       used 24454K, capacity 25415K, committed 25496K, reserved 25904K
}
Event: 95,536 GC heap before
{Heap before GC invocations=19 (full 5):
 def new generation   total 55744K, used 49600K [0x8f400000, 0x93070000, 0x97200000)
  eden space 49600K, 100% used [0x8f400000, 0x92470000, 0x92470000)
  from space 6144K,   0% used [0x92470000, 0x92470000, 0x92a70000)
  to   space 6144K,   0% used [0x92a70000, 0x92a70000, 0x93070000)
 tenured generation   total 123652K, used 74189K [0x97200000, 0x9eac1000, 0xa6e00000)
   the space 123652K,  59% used [0x97200000, 0x9ba73570, 0x9ba73600, 0x9eac1000)
 Metaspace       used 25386K, capacity 26408K, committed 26520K, reserved 26928K
Event: 95,569 GC heap after
Heap after GC invocations=20 (full 5):
 def new generation   total 55744K, used 6144K [0x8f400000, 0x93070000, 0x97200000)
  eden space 49600K,   0% used [0x8f400000, 0x8f400000, 0x92470000)
  from space 6144K, 100% used [0x92a70000, 0x93070000, 0x93070000)
  to   space 6144K,   0% used [0x92470000, 0x92470000, 0x92a70000)
 tenured generation   total 123652K, used 85288K [0x97200000, 0x9eac1000, 0xa6e00000)
   the space 123652K,  68% used [0x97200000, 0x9c54a068, 0x9c54a200, 0x9eac1000)
 Metaspace       used 25386K, capacity 26408K, committed 26520K, reserved 26928K
}
Event: 390,884 GC heap before
{Heap before GC invocations=20 (full 5):
 def new generation   total 55744K, used 54977K [0x8f400000, 0x93070000, 0x97200000)
  eden space 49600K,  98% used [0x8f400000, 0x923b0760, 0x92470000)
  from space 6144K, 100% used [0x92a70000, 0x93070000, 0x93070000)
  to   space 6144K,   0% used [0x92470000, 0x92470000, 0x92a70000)
 tenured generation   total 123652K, used 85288K [0x97200000, 0x9eac1000, 0xa6e00000)
   the space 123652K,  68% used [0x97200000, 0x9c54a068, 0x9c54a200, 0x9eac1000)
 Metaspace       used 25525K, capacity 26541K, committed 26648K, reserved 26928K
Event: 390,917 GC heap after
Heap after GC invocations=21 (full 5):
 def new generation   total 55744K, used 6144K [0x8f400000, 0x93070000, 0x97200000)
  eden space 49600K,   0% used [0x8f400000, 0x8f400000, 0x92470000)
  from space 6144K, 100% used [0x92470000, 0x92a70000, 0x92a70000)
  to   space 6144K,   0% used [0x92a70000, 0x92a70000, 0x93070000)
 tenured generation   total 123652K, used 98140K [0x97200000, 0x9eac1000, 0xa6e00000)
   the space 123652K,  79% used [0x97200000, 0x9d1d7378, 0x9d1d7400, 0x9eac1000)
 Metaspace       used 25525K, capacity 26541K, committed 26648K, reserved 26928K
}

