# JRE version: OpenJDK Runtime Environment (8.0_45-b14) (build 1.8.0_45-internal-b14)
# Java VM: OpenJDK Server VM (25.45-b02 mixed mode linux-x86 )
Heap:
 def new generation   total 28992K, used 11060K [0x8f400000, 0x91370000, 0x97200000)
  eden space 25792K,  30% used [0x8f400000, 0x8fbad0f0, 0x90d30000)
  from space 3200K, 100% used [0x90d30000, 0x91050000, 0x91050000)
  to   space 3200K,   0% used [0x91050000, 0x91050000, 0x91370000)
 tenured generation   total 64316K, used 53235K [0x97200000, 0x9b0cf000, 0xa6e00000)
   the space 64316K,  82% used [0x97200000, 0x9a5fccc0, 0x9a5fce00, 0x9b0cf000)
 Metaspace       used 24138K, capacity 25148K, committed 25240K, reserved 25904K
GC Heap History (10 events):
Event: 22,433 GC heap before
{Heap before GC invocations=12 (full 3):
 def new generation   total 17216K, used 17216K [0x8f400000, 0x906a0000, 0x97200000)
  eden space 15360K, 100% used [0x8f400000, 0x90300000, 0x90300000)
  from space 1856K, 100% used [0x90300000, 0x904d0000, 0x904d0000)
  to   space 1856K,   0% used [0x904d0000, 0x904d0000, 0x906a0000)
 tenured generation   total 37996K, used 29938K [0x97200000, 0x9971b000, 0xa6e00000)
   the space 37996K,  78% used [0x97200000, 0x98f3cbc0, 0x98f3cc00, 0x9971b000)
 Metaspace       used 22370K, capacity 23166K, committed 23192K, reserved 23856K
Event: 22,463 GC heap after
Heap after GC invocations=13 (full 3):
 def new generation   total 17216K, used 1856K [0x8f400000, 0x906a0000, 0x97200000)
  eden space 15360K,   0% used [0x8f400000, 0x8f400000, 0x90300000)
  from space 1856K, 100% used [0x904d0000, 0x906a0000, 0x906a0000)
  to   space 1856K,   0% used [0x90300000, 0x90300000, 0x904d0000)
 tenured generation   total 37996K, used 34764K [0x97200000, 0x9971b000, 0xa6e00000)
   the space 37996K,  91% used [0x97200000, 0x993f3030, 0x993f3200, 0x9971b000)
 Metaspace       used 22370K, capacity 23166K, committed 23192K, reserved 23856K
}
Event: 22,683 GC heap before
{Heap before GC invocations=13 (full 3):
 def new generation   total 17216K, used 17216K [0x8f400000, 0x906a0000, 0x97200000)
  eden space 15360K, 100% used [0x8f400000, 0x90300000, 0x90300000)
  from space 1856K, 100% used [0x904d0000, 0x906a0000, 0x906a0000)
  to   space 1856K,   0% used [0x90300000, 0x90300000, 0x904d0000)
 tenured generation   total 37996K, used 34764K [0x97200000, 0x9971b000, 0xa6e00000)
   the space 37996K,  91% used [0x97200000, 0x993f3030, 0x993f3200, 0x9971b000)
 Metaspace       used 22430K, capacity 23265K, committed 23320K, reserved 23856K
Event: 22,694 GC heap after
Heap after GC invocations=14 (full 3):
 def new generation   total 17216K, used 786K [0x8f400000, 0x906a0000, 0x97200000)
  eden space 15360K,   0% used [0x8f400000, 0x8f400000, 0x90300000)
  from space 1856K,  42% used [0x90300000, 0x903c49c8, 0x904d0000)
  to   space 1856K,   0% used [0x904d0000, 0x904d0000, 0x906a0000)
 tenured generation   total 37996K, used 36616K [0x97200000, 0x9971b000, 0xa6e00000)
   the space 37996K,  96% used [0x97200000, 0x995c2380, 0x995c2400, 0x9971b000)
 Metaspace       used 22430K, capacity 23265K, committed 23320K, reserved 23856K
}
Event: 23,236 GC heap before
{Heap before GC invocations=14 (full 3):
 def new generation   total 17216K, used 16146K [0x8f400000, 0x906a0000, 0x97200000)
  eden space 15360K, 100% used [0x8f400000, 0x90300000, 0x90300000)
  from space 1856K,  42% used [0x90300000, 0x903c49c8, 0x904d0000)
  to   space 1856K,   0% used [0x904d0000, 0x904d0000, 0x906a0000)
 tenured generation   total 37996K, used 36616K [0x97200000, 0x9971b000, 0xa6e00000)
   the space 37996K,  96% used [0x97200000, 0x995c2380, 0x995c2400, 0x9971b000)
 Metaspace       used 22690K, capacity 23521K, committed 23576K, reserved 23856K
Event: 23,339 GC heap after
Heap after GC invocations=15 (full 4):
 def new generation   total 28992K, used 0K [0x8f400000, 0x91370000, 0x97200000)
  eden space 25792K,   0% used [0x8f400000, 0x8f400000, 0x90d30000)
  from space 3200K,   0% used [0x90d30000, 0x90d30000, 0x91050000)
  to   space 3200K,   0% used [0x91050000, 0x91050000, 0x91370000)
 tenured generation   total 64316K, used 38588K [0x97200000, 0x9b0cf000, 0xa6e00000)
   the space 64316K,  59% used [0x97200000, 0x997af268, 0x997af400, 0x9b0cf000)
 Metaspace       used 22690K, capacity 23521K, committed 23576K, reserved 23856K
}
Event: 55,955 GC heap before
{Heap before GC invocations=15 (full 4):
 def new generation   total 28992K, used 25678K [0x8f400000, 0x91370000, 0x97200000)
  eden space 25792K,  99% used [0x8f400000, 0x90d13bf8, 0x90d30000)
  from space 3200K,   0% used [0x90d30000, 0x90d30000, 0x91050000)
  to   space 3200K,   0% used [0x91050000, 0x91050000, 0x91370000)
 tenured generation   total 64316K, used 38588K [0x97200000, 0x9b0cf000, 0xa6e00000)
   the space 64316K,  59% used [0x97200000, 0x997af268, 0x997af400, 0x9b0cf000)
 Metaspace       used 23489K, capacity 24392K, committed 24472K, reserved 24880K
Event: 55,975 GC heap after
Heap after GC invocations=16 (full 4):
 def new generation   total 28992K, used 3200K [0x8f400000, 0x91370000, 0x97200000)
  eden space 25792K,   0% used [0x8f400000, 0x8f400000, 0x90d30000)
  from space 3200K, 100% used [0x91050000, 0x91370000, 0x91370000)
  to   space 3200K,   0% used [0x90d30000, 0x90d30000, 0x91050000)
 tenured generation   total 64316K, used 41388K [0x97200000, 0x9b0cf000, 0xa6e00000)
   the space 64316K,  64% used [0x97200000, 0x99a6b2e0, 0x99a6b400, 0x9b0cf000)
 Metaspace       used 23489K, capacity 24392K, committed 24472K, reserved 24880K
}
Event: 59,258 GC heap before
{Heap before GC invocations=16 (full 4):
 def new generation   total 28992K, used 28992K [0x8f400000, 0x91370000, 0x97200000)
  eden space 25792K, 100% used [0x8f400000, 0x90d30000, 0x90d30000)
  from space 3200K, 100% used [0x91050000, 0x91370000, 0x91370000)
  to   space 3200K,   0% used [0x90d30000, 0x90d30000, 0x91050000)
 tenured generation   total 64316K, used 41388K [0x97200000, 0x9b0cf000, 0xa6e00000)
   the space 64316K,  64% used [0x97200000, 0x99a6b2e0, 0x99a6b400, 0x9b0cf000)
 Metaspace       used 23991K, capacity 24997K, committed 25112K, reserved 25904K
Event: 59,283 GC heap after
Heap after GC invocations=17 (full 4):
 def new generation   total 28992K, used 3200K [0x8f400000, 0x91370000, 0x97200000)
  eden space 25792K,   0% used [0x8f400000, 0x8f400000, 0x90d30000)
  from space 3200K, 100% used [0x90d30000, 0x91050000, 0x91050000)
  to   space 3200K,   0% used [0x91050000, 0x91050000, 0x91370000)
 tenured generation   total 64316K, used 53235K [0x97200000, 0x9b0cf000, 0xa6e00000)
   the space 64316K,  82% used [0x97200000, 0x9a5fccc0, 0x9a5fce00, 0x9b0cf000)
 Metaspace       used 23991K, capacity 24997K, committed 25112K, reserved 25904K
}

