# JRE version: OpenJDK Runtime Environment (8.0_45-b14) (build 1.8.0_45-internal-b14)
# Java VM: OpenJDK Server VM (25.45-b02 mixed mode linux-x86 )
Heap:
 def new generation   total 108224K, used 22566K [0x8f400000, 0x96960000, 0x97200000)
  eden space 96256K,  23% used [0x8f400000, 0x90a098a0, 0x95200000)
  from space 11968K,   0% used [0x95200000, 0x95200000, 0x95db0000)
  to   space 11968K,   0% used [0x95db0000, 0x95db0000, 0x96960000)
 tenured generation   total 240296K, used 144176K [0x97200000, 0xa5caa000, 0xa6e00000)
   the space 240296K,  59% used [0x97200000, 0x9fecc258, 0x9fecc400, 0xa5caa000)
 Metaspace       used 27074K, capacity 28370K, committed 28440K, reserved 28976K
GC Heap History (10 events):
Event: 33,493 GC heap before
{Heap before GC invocations=18 (full 5):
 def new generation   total 52608K, used 46728K [0x8f400000, 0x92d10000, 0x97200000)
  eden space 46784K,  99% used [0x8f400000, 0x921a20e0, 0x921b0000)
  from space 5824K,   0% used [0x921b0000, 0x921b0000, 0x92760000)
  to   space 5824K,   0% used [0x92760000, 0x92760000, 0x92d10000)
 tenured generation   total 116728K, used 70034K [0x97200000, 0x9e3fe000, 0xa6e00000)
   the space 116728K,  59% used [0x97200000, 0x9b664ad0, 0x9b664c00, 0x9e3fe000)
 Metaspace       used 24535K, capacity 25466K, committed 25496K, reserved 25904K
Event: 33,546 GC heap after
Heap after GC invocations=19 (full 5):
 def new generation   total 52608K, used 5824K [0x8f400000, 0x92d10000, 0x97200000)
  eden space 46784K,   0% used [0x8f400000, 0x8f400000, 0x921b0000)
  from space 5824K, 100% used [0x92760000, 0x92d10000, 0x92d10000)
  to   space 5824K,   0% used [0x921b0000, 0x921b0000, 0x92760000)
 tenured generation   total 116728K, used 83839K [0x97200000, 0x9e3fe000, 0xa6e00000)
   the space 116728K,  71% used [0x97200000, 0x9c3dfe40, 0x9c3e0000, 0x9e3fe000)
 Metaspace       used 24535K, capacity 25466K, committed 25496K, reserved 25904K
}
Event: 37,631 GC heap before
{Heap before GC invocations=19 (full 5):
 def new generation   total 52608K, used 52608K [0x8f400000, 0x92d10000, 0x97200000)
  eden space 46784K, 100% used [0x8f400000, 0x921b0000, 0x921b0000)
  from space 5824K, 100% used [0x92760000, 0x92d10000, 0x92d10000)
  to   space 5824K,   0% used [0x921b0000, 0x921b0000, 0x92760000)
 tenured generation   total 116728K, used 83839K [0x97200000, 0x9e3fe000, 0xa6e00000)
   the space 116728K,  71% used [0x97200000, 0x9c3dfe40, 0x9c3e0000, 0x9e3fe000)
 Metaspace       used 25812K, capacity 26883K, committed 26904K, reserved 26928K
Event: 37,769 GC heap after
Heap after GC invocations=20 (full 5):
 def new generation   total 52608K, used 5824K [0x8f400000, 0x92d10000, 0x97200000)
  eden space 46784K,   0% used [0x8f400000, 0x8f400000, 0x921b0000)
  from space 5824K, 100% used [0x921b0000, 0x92760000, 0x92760000)
  to   space 5824K,   0% used [0x92760000, 0x92760000, 0x92d10000)
 tenured generation   total 116728K, used 97464K [0x97200000, 0x9e3fe000, 0xa6e00000)
   the space 116728K,  83% used [0x97200000, 0x9d12e070, 0x9d12e200, 0x9e3fe000)
 Metaspace       used 25812K, capacity 26883K, committed 26904K, reserved 26928K
}
Event: 409,712 GC heap before
{Heap before GC invocations=20 (full 5):
 def new generation   total 52608K, used 49480K [0x8f400000, 0x92d10000, 0x97200000)
  eden space 46784K,  93% used [0x8f400000, 0x91ea2138, 0x921b0000)
  from space 5824K, 100% used [0x921b0000, 0x92760000, 0x92760000)
  to   space 5824K,   0% used [0x92760000, 0x92760000, 0x92d10000)
 tenured generation   total 116728K, used 97464K [0x97200000, 0x9e3fe000, 0xa6e00000)
   the space 116728K,  83% used [0x97200000, 0x9d12e070, 0x9d12e200, 0x9e3fe000)
 Metaspace       used 26257K, capacity 27387K, committed 27416K, reserved 27952K
Event: 409,798 GC heap after
Heap after GC invocations=21 (full 5):
 def new generation   total 52608K, used 5824K [0x8f400000, 0x92d10000, 0x97200000)
  eden space 46784K,   0% used [0x8f400000, 0x8f400000, 0x921b0000)
  from space 5824K, 100% used [0x92760000, 0x92d10000, 0x92d10000)
  to   space 5824K,   0% used [0x921b0000, 0x921b0000, 0x92760000)
 tenured generation   total 116728K, used 114415K [0x97200000, 0x9e3fe000, 0xa6e00000)
   the space 116728K,  98% used [0x97200000, 0x9e1bbc78, 0x9e1bbe00, 0x9e3fe000)
 Metaspace       used 26257K, capacity 27387K, committed 27416K, reserved 27952K
}
Event: 417,153 GC heap before
{Heap before GC invocations=21 (full 5):
 def new generation   total 52608K, used 52608K [0x8f400000, 0x92d10000, 0x97200000)
  eden space 46784K, 100% used [0x8f400000, 0x921b0000, 0x921b0000)
  from space 5824K, 100% used [0x92760000, 0x92d10000, 0x92d10000)
  to   space 5824K,   0% used [0x921b0000, 0x921b0000, 0x92760000)
 tenured generation   total 116728K, used 114484K [0x97200000, 0x9e3fe000, 0xa6e00000)
   the space 116728K,  98% used [0x97200000, 0x9e1cd358, 0x9e1cd400, 0x9e3fe000)
 Metaspace       used 26294K, capacity 27419K, committed 27544K, reserved 27952K
Event: 417,226 GC heap after
Heap after GC invocations=22 (full 5):
 def new generation   total 52608K, used 5824K [0x8f400000, 0x92d10000, 0x97200000)
  eden space 46784K,   0% used [0x8f400000, 0x8f400000, 0x921b0000)
  from space 5824K, 100% used [0x921b0000, 0x92760000, 0x92760000)
  to   space 5824K,   0% used [0x92760000, 0x92760000, 0x92d10000)
 tenured generation   total 129400K, used 129395K [0x97200000, 0x9f05e000, 0xa6e00000)
   the space 129400K,  99% used [0x97200000, 0x9f05cc80, 0x9f05ce00, 0x9f05e000)
 Metaspace       used 26294K, capacity 27419K, committed 27544K, reserved 27952K
}
Event: 890,763 GC heap before
{Heap before GC invocations=22 (full 5):
 def new generation   total 52608K, used 52608K [0x8f400000, 0x92d10000, 0x97200000)
  eden space 46784K, 100% used [0x8f400000, 0x921b0000, 0x921b0000)
  from space 5824K, 100% used [0x921b0000, 0x92760000, 0x92760000)
  to   space 5824K,   0% used [0x92760000, 0x92760000, 0x92d10000)
 tenured generation   total 129400K, used 129395K [0x97200000, 0x9f05e000, 0xa6e00000)
   the space 129400K,  99% used [0x97200000, 0x9f05cc80, 0x9f05ce00, 0x9f05e000)
 Metaspace       used 26796K, capacity 28044K, committed 28056K, reserved 28976K
Event: 891,055 GC heap after
Heap after GC invocations=23 (full 6):
 def new generation   total 108224K, used 0K [0x8f400000, 0x96960000, 0x97200000)
  eden space 96256K,   0% used [0x8f400000, 0x8f400000, 0x95200000)
  from space 11968K,   0% used [0x95200000, 0x95200000, 0x95db0000)
  to   space 11968K,   0% used [0x95db0000, 0x95db0000, 0x96960000)
 tenured generation   total 240296K, used 144176K [0x97200000, 0xa5caa000, 0xa6e00000)
   the space 240296K,  59% used [0x97200000, 0x9fecc258, 0x9fecc400, 0xa5caa000)
 Metaspace       used 26786K, capacity 28019K, committed 28056K, reserved 28976K
}

