# JRE version: OpenJDK Runtime Environment (8.0_45-b14) (build 1.8.0_45-internal-b14)
# Java VM: OpenJDK Server VM (25.45-b02 mixed mode linux-x86 )
Heap:
 def new generation   total 27520K, used 7589K [0x8f400000, 0x911d0000, 0x97200000)
  eden space 24512K,  18% used [0x8f400000, 0x8f8794a8, 0x90bf0000)
  from space 3008K, 100% used [0x90ee0000, 0x911d0000, 0x911d0000)
  to   space 3008K,   0% used [0x90bf0000, 0x90bf0000, 0x90ee0000)
 tenured generation   total 60996K, used 60853K [0x97200000, 0x9ad91000, 0xa6e00000)
   the space 60996K,  99% used [0x97200000, 0x9ad6d5d0, 0x9ad6d600, 0x9ad91000)
 Metaspace       used 24419K, capacity 25412K, committed 25496K, reserved 25904K
GC Heap History (10 events):
Event: 34,448 GC heap before
{Heap before GC invocations=13 (full 3):
 def new generation   total 16832K, used 16832K [0x8f400000, 0x90640000, 0x97200000)
  eden space 14976K, 100% used [0x8f400000, 0x902a0000, 0x902a0000)
  from space 1856K, 100% used [0x90470000, 0x90640000, 0x90640000)
  to   space 1856K,   0% used [0x902a0000, 0x902a0000, 0x90470000)
 tenured generation   total 37260K, used 34779K [0x97200000, 0x99663000, 0xa6e00000)
   the space 37260K,  93% used [0x97200000, 0x993f6fb0, 0x993f7000, 0x99663000)
 Metaspace       used 22562K, capacity 23403K, committed 23448K, reserved 23856K
Event: 34,460 GC heap after
Heap after GC invocations=14 (full 3):
 def new generation   total 16832K, used 874K [0x8f400000, 0x90640000, 0x97200000)
  eden space 14976K,   0% used [0x8f400000, 0x8f400000, 0x902a0000)
  from space 1856K,  47% used [0x902a0000, 0x9037aa68, 0x90470000)
  to   space 1856K,   0% used [0x90470000, 0x90470000, 0x90640000)
 tenured generation   total 37260K, used 36632K [0x97200000, 0x99663000, 0xa6e00000)
   the space 37260K,  98% used [0x97200000, 0x995c6050, 0x995c6200, 0x99663000)
 Metaspace       used 22562K, capacity 23403K, committed 23448K, reserved 23856K
}
Event: 34,831 GC heap before
{Heap before GC invocations=14 (full 3):
 def new generation   total 16832K, used 15850K [0x8f400000, 0x90640000, 0x97200000)
  eden space 14976K, 100% used [0x8f400000, 0x902a0000, 0x902a0000)
  from space 1856K,  47% used [0x902a0000, 0x9037aa68, 0x90470000)
  to   space 1856K,   0% used [0x90470000, 0x90470000, 0x90640000)
 tenured generation   total 37260K, used 36632K [0x97200000, 0x99663000, 0xa6e00000)
   the space 37260K,  98% used [0x97200000, 0x995c6050, 0x995c6200, 0x99663000)
 Metaspace       used 22740K, capacity 23595K, committed 23704K, reserved 23856K
Event: 34,921 GC heap after
Heap after GC invocations=15 (full 4):
 def new generation   total 27520K, used 0K [0x8f400000, 0x911d0000, 0x97200000)
  eden space 24512K,   0% used [0x8f400000, 0x8f400000, 0x90bf0000)
  from space 3008K,   0% used [0x90bf0000, 0x90bf0000, 0x90ee0000)
  to   space 3008K,   0% used [0x90ee0000, 0x90ee0000, 0x911d0000)
 tenured generation   total 60996K, used 36596K [0x97200000, 0x9ad91000, 0xa6e00000)
   the space 60996K,  59% used [0x97200000, 0x995bd3f0, 0x995bd400, 0x9ad91000)
 Metaspace       used 22740K, capacity 23595K, committed 23704K, reserved 23856K
}
Event: 76,413 GC heap before
{Heap before GC invocations=15 (full 4):
 def new generation   total 27520K, used 24466K [0x8f400000, 0x911d0000, 0x97200000)
  eden space 24512K,  99% used [0x8f400000, 0x90be4b00, 0x90bf0000)
  from space 3008K,   0% used [0x90bf0000, 0x90bf0000, 0x90ee0000)
  to   space 3008K,   0% used [0x90ee0000, 0x90ee0000, 0x911d0000)
 tenured generation   total 60996K, used 36596K [0x97200000, 0x9ad91000, 0xa6e00000)
   the space 60996K,  59% used [0x97200000, 0x995bd3f0, 0x995bd400, 0x9ad91000)
 Metaspace       used 23404K, capacity 24311K, committed 24344K, reserved 24880K
Event: 76,435 GC heap after
Heap after GC invocations=16 (full 4):
 def new generation   total 27520K, used 3008K [0x8f400000, 0x911d0000, 0x97200000)
  eden space 24512K,   0% used [0x8f400000, 0x8f400000, 0x90bf0000)
  from space 3008K, 100% used [0x90ee0000, 0x911d0000, 0x911d0000)
  to   space 3008K,   0% used [0x90bf0000, 0x90bf0000, 0x90ee0000)
 tenured generation   total 60996K, used 43869K [0x97200000, 0x9ad91000, 0xa6e00000)
   the space 60996K,  71% used [0x97200000, 0x99cd74c8, 0x99cd7600, 0x9ad91000)
 Metaspace       used 23404K, capacity 24311K, committed 24344K, reserved 24880K
}
Event: 80,596 GC heap before
{Heap before GC invocations=16 (full 4):
 def new generation   total 27520K, used 27520K [0x8f400000, 0x911d0000, 0x97200000)
  eden space 24512K, 100% used [0x8f400000, 0x90bf0000, 0x90bf0000)
  from space 3008K, 100% used [0x90ee0000, 0x911d0000, 0x911d0000)
  to   space 3008K,   0% used [0x90bf0000, 0x90bf0000, 0x90ee0000)
 tenured generation   total 60996K, used 43869K [0x97200000, 0x9ad91000, 0xa6e00000)
   the space 60996K,  71% used [0x97200000, 0x99cd74c8, 0x99cd7600, 0x9ad91000)
 Metaspace       used 23836K, capacity 24779K, committed 24856K, reserved 24880K
Event: 80,619 GC heap after
Heap after GC invocations=17 (full 4):
 def new generation   total 27520K, used 3008K [0x8f400000, 0x911d0000, 0x97200000)
  eden space 24512K,   0% used [0x8f400000, 0x8f400000, 0x90bf0000)
  from space 3008K, 100% used [0x90bf0000, 0x90ee0000, 0x90ee0000)
  to   space 3008K,   0% used [0x90ee0000, 0x90ee0000, 0x911d0000)
 tenured generation   total 60996K, used 53595K [0x97200000, 0x9ad91000, 0xa6e00000)
   the space 60996K,  87% used [0x97200000, 0x9a656f20, 0x9a657000, 0x9ad91000)
 Metaspace       used 23836K, capacity 24779K, committed 24856K, reserved 24880K
}
Event: 86,547 GC heap before
{Heap before GC invocations=17 (full 4):
 def new generation   total 27520K, used 24619K [0x8f400000, 0x911d0000, 0x97200000)
  eden space 24512K,  88% used [0x8f400000, 0x9091aca8, 0x90bf0000)
  from space 3008K, 100% used [0x90bf0000, 0x90ee0000, 0x90ee0000)
  to   space 3008K,   0% used [0x90ee0000, 0x90ee0000, 0x911d0000)
 tenured generation   total 60996K, used 53595K [0x97200000, 0x9ad91000, 0xa6e00000)
   the space 60996K,  87% used [0x97200000, 0x9a656f20, 0x9a657000, 0x9ad91000)
 Metaspace       used 24387K, capacity 25412K, committed 25496K, reserved 25904K
Event: 86,568 GC heap after
Heap after GC invocations=18 (full 4):
 def new generation   total 27520K, used 3008K [0x8f400000, 0x911d0000, 0x97200000)
  eden space 24512K,   0% used [0x8f400000, 0x8f400000, 0x90bf0000)
  from space 3008K, 100% used [0x90ee0000, 0x911d0000, 0x911d0000)
  to   space 3008K,   0% used [0x90bf0000, 0x90bf0000, 0x90ee0000)
 tenured generation   total 60996K, used 60853K [0x97200000, 0x9ad91000, 0xa6e00000)
   the space 60996K,  99% used [0x97200000, 0x9ad6d5d0, 0x9ad6d600, 0x9ad91000)
 Metaspace       used 24387K, capacity 25412K, committed 25496K, reserved 25904K
}

