# JRE version: OpenJDK Runtime Environment (8.0_45-b14) (build 1.8.0_45-internal-b14)
# Java VM: OpenJDK Server VM (25.45-b02 mixed mode linux-x86 )
Heap:
 def new generation   total 116160K, used 64992K [0x8f400000, 0x97200000, 0x97200000)
  eden space 103296K,  58% used [0x8f400000, 0x92f6e288, 0x958e0000)
  from space 12864K,  32% used [0x96570000, 0x96979fa0, 0x97200000)
  to   space 12864K,   0% used [0x958e0000, 0x958e0000, 0x96570000)
 tenured generation   total 258048K, used 199066K [0x97200000, 0xa6e00000, 0xa6e00000)
   the space 258048K,  77% used [0x97200000, 0xa3466890, 0xa3466a00, 0xa6e00000)
 Metaspace       used 28582K, capacity 29910K, committed 29976K, reserved 30000K
GC Heap History (10 events):
Event: 2760,987 GC heap before
{Heap before GC invocations=62 (full 6):
 def new generation   total 116160K, used 116160K [0x8f400000, 0x97200000, 0x97200000)
  eden space 103296K, 100% used [0x8f400000, 0x958e0000, 0x958e0000)
  from space 12864K, 100% used [0x96570000, 0x97200000, 0x97200000)
  to   space 12864K,   0% used [0x958e0000, 0x958e0000, 0x96570000)
 tenured generation   total 258048K, used 235527K [0x97200000, 0xa6e00000, 0xa6e00000)
   the space 258048K,  91% used [0x97200000, 0xa5801c88, 0xa5801e00, 0xa6e00000)
 Metaspace       used 28453K, capacity 29814K, committed 29848K, reserved 30000K
Event: 2761,337 GC heap after
Heap after GC invocations=63 (full 7):
 def new generation   total 116160K, used 0K [0x8f400000, 0x97200000, 0x97200000)
  eden space 103296K,   0% used [0x8f400000, 0x8f400000, 0x958e0000)
  from space 12864K,   0% used [0x96570000, 0x96570000, 0x97200000)
  to   space 12864K,   0% used [0x958e0000, 0x958e0000, 0x96570000)
 tenured generation   total 258048K, used 173391K [0x97200000, 0xa6e00000, 0xa6e00000)
   the space 258048K,  67% used [0x97200000, 0xa1b53cc8, 0xa1b53e00, 0xa6e00000)
 Metaspace       used 28453K, capacity 29814K, committed 29848K, reserved 30000K
}
Event: 2761,709 GC heap before
{Heap before GC invocations=63 (full 7):
 def new generation   total 116160K, used 103296K [0x8f400000, 0x97200000, 0x97200000)
  eden space 103296K, 100% used [0x8f400000, 0x958e0000, 0x958e0000)
  from space 12864K,   0% used [0x96570000, 0x96570000, 0x97200000)
  to   space 12864K,   0% used [0x958e0000, 0x958e0000, 0x96570000)
 tenured generation   total 258048K, used 173391K [0x97200000, 0xa6e00000, 0xa6e00000)
   the space 258048K,  67% used [0x97200000, 0xa1b53cc8, 0xa1b53e00, 0xa6e00000)
 Metaspace       used 28453K, capacity 29814K, committed 29848K, reserved 30000K
Event: 2761,720 GC heap after
Heap after GC invocations=64 (full 7):
 def new generation   total 116160K, used 1842K [0x8f400000, 0x97200000, 0x97200000)
  eden space 103296K,   0% used [0x8f400000, 0x8f400000, 0x958e0000)
  from space 12864K,  14% used [0x958e0000, 0x95aacaa8, 0x96570000)
  to   space 12864K,   0% used [0x96570000, 0x96570000, 0x97200000)
 tenured generation   total 258048K, used 173391K [0x97200000, 0xa6e00000, 0xa6e00000)
   the space 258048K,  67% used [0x97200000, 0xa1b53cc8, 0xa1b53e00, 0xa6e00000)
 Metaspace       used 28453K, capacity 29814K, committed 29848K, reserved 30000K
}
Event: 2764,701 GC heap before
{Heap before GC invocations=64 (full 7):
 def new generation   total 116160K, used 105138K [0x8f400000, 0x97200000, 0x97200000)
  eden space 103296K, 100% used [0x8f400000, 0x958e0000, 0x958e0000)
  from space 12864K,  14% used [0x958e0000, 0x95aacaa8, 0x96570000)
  to   space 12864K,   0% used [0x96570000, 0x96570000, 0x97200000)
 tenured generation   total 258048K, used 173391K [0x97200000, 0xa6e00000, 0xa6e00000)
   the space 258048K,  67% used [0x97200000, 0xa1b53cc8, 0xa1b53e00, 0xa6e00000)
 Metaspace       used 28464K, capacity 29814K, committed 29848K, reserved 30000K
Event: 2764,760 GC heap after
Heap after GC invocations=65 (full 7):
 def new generation   total 116160K, used 12864K [0x8f400000, 0x97200000, 0x97200000)
  eden space 103296K,   0% used [0x8f400000, 0x8f400000, 0x958e0000)
  from space 12864K, 100% used [0x96570000, 0x97200000, 0x97200000)
  to   space 12864K,   0% used [0x958e0000, 0x958e0000, 0x96570000)
 tenured generation   total 258048K, used 186262K [0x97200000, 0xa6e00000, 0xa6e00000)
   the space 258048K,  72% used [0x97200000, 0xa27e58c8, 0xa27e5a00, 0xa6e00000)
 Metaspace       used 28464K, capacity 29814K, committed 29848K, reserved 30000K
}
Event: 2779,666 GC heap before
{Heap before GC invocations=65 (full 7):
 def new generation   total 116160K, used 116142K [0x8f400000, 0x97200000, 0x97200000)
  eden space 103296K,  99% used [0x8f400000, 0x958dbb58, 0x958e0000)
  from space 12864K, 100% used [0x96570000, 0x97200000, 0x97200000)
  to   space 12864K,   0% used [0x958e0000, 0x958e0000, 0x96570000)
 tenured generation   total 258048K, used 186262K [0x97200000, 0xa6e00000, 0xa6e00000)
   the space 258048K,  72% used [0x97200000, 0xa27e58c8, 0xa27e5a00, 0xa6e00000)
 Metaspace       used 28492K, capacity 29846K, committed 29848K, reserved 30000K
Event: 2779,735 GC heap after
Heap after GC invocations=66 (full 7):
 def new generation   total 116160K, used 4334K [0x8f400000, 0x97200000, 0x97200000)
  eden space 103296K,   0% used [0x8f400000, 0x8f400000, 0x958e0000)
  from space 12864K,  33% used [0x958e0000, 0x95d1ba90, 0x96570000)
  to   space 12864K,   0% used [0x96570000, 0x96570000, 0x97200000)
 tenured generation   total 258048K, used 199066K [0x97200000, 0xa6e00000, 0xa6e00000)
   the space 258048K,  77% used [0x97200000, 0xa3466890, 0xa3466a00, 0xa6e00000)
 Metaspace       used 28492K, capacity 29846K, committed 29848K, reserved 30000K
}
Event: 2782,498 GC heap before
{Heap before GC invocations=66 (full 7):
 def new generation   total 116160K, used 107630K [0x8f400000, 0x97200000, 0x97200000)
  eden space 103296K, 100% used [0x8f400000, 0x958e0000, 0x958e0000)
  from space 12864K,  33% used [0x958e0000, 0x95d1ba90, 0x96570000)
  to   space 12864K,   0% used [0x96570000, 0x96570000, 0x97200000)
 tenured generation   total 258048K, used 199066K [0x97200000, 0xa6e00000, 0xa6e00000)
   the space 258048K,  77% used [0x97200000, 0xa3466890, 0xa3466a00, 0xa6e00000)
 Metaspace       used 28492K, capacity 29846K, committed 29848K, reserved 30000K
Event: 2782,507 GC heap after
Heap after GC invocations=67 (full 7):
 def new generation   total 116160K, used 4135K [0x8f400000, 0x97200000, 0x97200000)
  eden space 103296K,   0% used [0x8f400000, 0x8f400000, 0x958e0000)
  from space 12864K,  32% used [0x96570000, 0x96979fa0, 0x97200000)
  to   space 12864K,   0% used [0x958e0000, 0x958e0000, 0x96570000)
 tenured generation   total 258048K, used 199066K [0x97200000, 0xa6e00000, 0xa6e00000)
   the space 258048K,  77% used [0x97200000, 0xa3466890, 0xa3466a00, 0xa6e00000)
 Metaspace       used 28492K, capacity 29846K, committed 29848K, reserved 30000K
}

