# JRE version: OpenJDK Runtime Environment (8.0_45-b14) (build 1.8.0_45-internal-b14)
# Java VM: OpenJDK Server VM (25.45-b02 mixed mode linux-x86 )
Heap:
 def new generation   total 54528K, used 19411K [0x8f400000, 0x92f20000, 0x97200000)
  eden space 48512K,  40% used [0x8f400000, 0x906f4ee8, 0x92360000)
  from space 6016K,   0% used [0x92360000, 0x92360000, 0x92940000)
  to   space 6016K,   0% used [0x92940000, 0x92940000, 0x92f20000)
 tenured generation   total 120944K, used 72565K [0x97200000, 0x9e81c000, 0xa6e00000)
   the space 120944K,  59% used [0x97200000, 0x9b8dd7c0, 0x9b8dd800, 0x9e81c000)
 Metaspace       used 25379K, capacity 26449K, committed 26520K, reserved 26928K
GC Heap History (10 events):
Event: 18,283 GC heap before
{Heap before GC invocations=14 (full 3):
 def new generation   total 17216K, used 16161K [0x8f400000, 0x906a0000, 0x97200000)
  eden space 15360K, 100% used [0x8f400000, 0x90300000, 0x90300000)
  from space 1856K,  43% used [0x90300000, 0x903c84e8, 0x904d0000)
  to   space 1856K,   0% used [0x904d0000, 0x904d0000, 0x906a0000)
 tenured generation   total 38000K, used 36941K [0x97200000, 0x9971c000, 0xa6e00000)
   the space 38000K,  97% used [0x97200000, 0x99613748, 0x99613800, 0x9971c000)
 Metaspace       used 22693K, capacity 23523K, committed 23576K, reserved 23856K
Event: 18,420 GC heap after
Heap after GC invocations=15 (full 4):
 def new generation   total 28608K, used 0K [0x8f400000, 0x91300000, 0x97200000)
  eden space 25472K,   0% used [0x8f400000, 0x8f400000, 0x90ce0000)
  from space 3136K,   0% used [0x90ce0000, 0x90ce0000, 0x90ff0000)
  to   space 3136K,   0% used [0x90ff0000, 0x90ff0000, 0x91300000)
 tenured generation   total 63400K, used 38038K [0x97200000, 0x9afea000, 0xa6e00000)
   the space 63400K,  59% used [0x97200000, 0x99725a78, 0x99725c00, 0x9afea000)
 Metaspace       used 22693K, capacity 23523K, committed 23576K, reserved 23856K
}
Event: 184,127 GC heap before
{Heap before GC invocations=15 (full 4):
 def new generation   total 28608K, used 23442K [0x8f400000, 0x91300000, 0x97200000)
  eden space 25472K,  92% used [0x8f400000, 0x90ae4990, 0x90ce0000)
  from space 3136K,   0% used [0x90ce0000, 0x90ce0000, 0x90ff0000)
  to   space 3136K,   0% used [0x90ff0000, 0x90ff0000, 0x91300000)
 tenured generation   total 63400K, used 38038K [0x97200000, 0x9afea000, 0xa6e00000)
   the space 63400K,  59% used [0x97200000, 0x99725a78, 0x99725c00, 0x9afea000)
 Metaspace       used 23447K, capacity 24328K, committed 24344K, reserved 24880K
Event: 184,153 GC heap after
Heap after GC invocations=16 (full 4):
 def new generation   total 28608K, used 3136K [0x8f400000, 0x91300000, 0x97200000)
  eden space 25472K,   0% used [0x8f400000, 0x8f400000, 0x90ce0000)
  from space 3136K, 100% used [0x90ff0000, 0x91300000, 0x91300000)
  to   space 3136K,   0% used [0x90ce0000, 0x90ce0000, 0x90ff0000)
 tenured generation   total 63400K, used 41173K [0x97200000, 0x9afea000, 0xa6e00000)
   the space 63400K,  64% used [0x97200000, 0x99a35758, 0x99a35800, 0x9afea000)
 Metaspace       used 23447K, capacity 24328K, committed 24344K, reserved 24880K
}
Event: 186,882 GC heap before
{Heap before GC invocations=16 (full 4):
 def new generation   total 28608K, used 25633K [0x8f400000, 0x91300000, 0x97200000)
  eden space 25472K,  88% used [0x8f400000, 0x909f8440, 0x90ce0000)
  from space 3136K, 100% used [0x90ff0000, 0x91300000, 0x91300000)
  to   space 3136K,   0% used [0x90ce0000, 0x90ce0000, 0x90ff0000)
 tenured generation   total 63400K, used 41173K [0x97200000, 0x9afea000, 0xa6e00000)
   the space 63400K,  64% used [0x97200000, 0x99a35758, 0x99a35800, 0x9afea000)
 Metaspace       used 23588K, capacity 24490K, committed 24600K, reserved 24880K
Event: 186,904 GC heap after
Heap after GC invocations=17 (full 4):
 def new generation   total 28608K, used 1036K [0x8f400000, 0x91300000, 0x97200000)
  eden space 25472K,   0% used [0x8f400000, 0x8f400000, 0x90ce0000)
  from space 3136K,  33% used [0x90ce0000, 0x90de3120, 0x90ff0000)
  to   space 3136K,   0% used [0x90ff0000, 0x90ff0000, 0x91300000)
 tenured generation   total 63400K, used 55605K [0x97200000, 0x9afea000, 0xa6e00000)
   the space 63400K,  87% used [0x97200000, 0x9a84d470, 0x9a84d600, 0x9afea000)
 Metaspace       used 23588K, capacity 24490K, committed 24600K, reserved 24880K
}
Event: 188,956 GC heap before
{Heap before GC invocations=17 (full 4):
 def new generation   total 28608K, used 26508K [0x8f400000, 0x91300000, 0x97200000)
  eden space 25472K, 100% used [0x8f400000, 0x90ce0000, 0x90ce0000)
  from space 3136K,  33% used [0x90ce0000, 0x90de3120, 0x90ff0000)
  to   space 3136K,   0% used [0x90ff0000, 0x90ff0000, 0x91300000)
 tenured generation   total 63400K, used 55605K [0x97200000, 0x9afea000, 0xa6e00000)
   the space 63400K,  87% used [0x97200000, 0x9a84d470, 0x9a84d600, 0x9afea000)
 Metaspace       used 23954K, capacity 24863K, committed 24984K, reserved 25904K
Event: 188,978 GC heap after
Heap after GC invocations=18 (full 4):
 def new generation   total 28608K, used 3136K [0x8f400000, 0x91300000, 0x97200000)
  eden space 25472K,   0% used [0x8f400000, 0x8f400000, 0x90ce0000)
  from space 3136K, 100% used [0x90ff0000, 0x91300000, 0x91300000)
  to   space 3136K,   0% used [0x90ce0000, 0x90ce0000, 0x90ff0000)
 tenured generation   total 63400K, used 63195K [0x97200000, 0x9afea000, 0xa6e00000)
   the space 63400K,  99% used [0x97200000, 0x9afb6e28, 0x9afb7000, 0x9afea000)
 Metaspace       used 23954K, capacity 24863K, committed 24984K, reserved 25904K
}
Event: 218,224 GC heap before
{Heap before GC invocations=18 (full 4):
 def new generation   total 28608K, used 28608K [0x8f400000, 0x91300000, 0x97200000)
  eden space 25472K, 100% used [0x8f400000, 0x90ce0000, 0x90ce0000)
  from space 3136K, 100% used [0x90ff0000, 0x91300000, 0x91300000)
  to   space 3136K,   0% used [0x90ce0000, 0x90ce0000, 0x90ff0000)
 tenured generation   total 63400K, used 63195K [0x97200000, 0x9afea000, 0xa6e00000)
   the space 63400K,  99% used [0x97200000, 0x9afb6e28, 0x9afb7000, 0x9afea000)
 Metaspace       used 24594K, capacity 25621K, committed 25624K, reserved 25904K
Event: 218,391 GC heap after
Heap after GC invocations=19 (full 5):
 def new generation   total 54528K, used 1716K [0x8f400000, 0x92f20000, 0x97200000)
  eden space 48512K,   3% used [0x8f400000, 0x8f5ad060, 0x92360000)
  from space 6016K,   0% used [0x92360000, 0x92360000, 0x92940000)
  to   space 6016K,   0% used [0x92940000, 0x92940000, 0x92f20000)
 tenured generation   total 120944K, used 72565K [0x97200000, 0x9e81c000, 0xa6e00000)
   the space 120944K,  59% used [0x97200000, 0x9b8dd7c0, 0x9b8dd800, 0x9e81c000)
 Metaspace       used 24594K, capacity 25621K, committed 25624K, reserved 25904K
}

